{
    "score": "22.00",
    "comments": "\n-----------\nPart A Test Case 1\n  Expected Location: (0.0014118129459004258, 0.9878747235165819)\n  SLAM Location: (-0.0008339212502937036, 1.0006660119399744)\n  Credit: 100%\n\n-----------\nPart A Test Case 2\n  Expected Location: (1.9920843490319289, 0.9935627817157213)\n  SLAM Location: (1.9998333267956685, 0.9999999861100214)\n  Credit: 100%\n\n-----------\nPart A Test Case 3\n  Expected Location: (1.0040844119018093, 0.009289438262844563)\n  SLAM Location: (1.0003330685905845, -0.00033345744977646315)\n  Credit: 100%\n\n-----------\nPart A Test Case 4\n  Expected Location: (-1.0785184317221193, -0.05490503838498384)\n  SLAM Location: (-1.0610510171185905, -0.06110185507189103)\n  Credit: 100%\n\n-----------\nPart A Test Case 5\n  Failed: Distance greater than tolerance 0.1\n  Expected Location: (2.864456589395581, 4.9588323248555275)\n  SLAM Location: (3.017479068714986, 4.992629345215022)\n  Credit: 0.0\n\n-----------\nPart A Test Case 6\n  Failed: Distance greater than tolerance 0.1\n  Expected Location: (-5.507624701892258, -0.23231700669379318)\n  SLAM Location: (-5.61698797427513, -0.17160406962486702)\n  Credit: 0.0\n\n-----------\nPart B Test Case 1\n  Failed: Traceback (most recent call last):\n  File \"/home/grader/icerover/workspace/testing_suite_ice_rover.py\", line 115, in execute_student_plan\n    state.generate_measurements())\n  File \"/home/grader/icerover/workspace/ice_rover.py\", line 213, in next_move\n    raise NotImplementedError\nNotImplementedError\n\n  Credit: 0.0\n\n-----------\nPart B Test Case 2\n  Failed: Traceback (most recent call last):\n  File \"/home/grader/icerover/workspace/testing_suite_ice_rover.py\", line 115, in execute_student_plan\n    state.generate_measurements())\n  File \"/home/grader/icerover/workspace/ice_rover.py\", line 213, in next_move\n    raise NotImplementedError\nNotImplementedError\n\n  Credit: 0.0\n\n-----------\nPart B Test Case 3\n  Failed: Traceback (most recent call last):\n  File \"/home/grader/icerover/workspace/testing_suite_ice_rover.py\", line 115, in execute_student_plan\n    state.generate_measurements())\n  File \"/home/grader/icerover/workspace/ice_rover.py\", line 213, in next_move\n    raise NotImplementedError\nNotImplementedError\n\n  Credit: 0.0\n\n-----------\nPart B Test Case 4\n  Failed: Traceback (most recent call last):\n  File \"/home/grader/icerover/workspace/testing_suite_ice_rover.py\", line 115, in execute_student_plan\n    state.generate_measurements())\n  File \"/home/grader/icerover/workspace/ice_rover.py\", line 213, in next_move\n    raise NotImplementedError\nNotImplementedError\n\n  Credit: 0.0\n\n-----------\nPart B Test Case 5\n  Failed: Traceback (most recent call last):\n  File \"/home/grader/icerover/workspace/testing_suite_ice_rover.py\", line 115, in execute_student_plan\n    state.generate_measurements())\n  File \"/home/grader/icerover/workspace/ice_rover.py\", line 213, in next_move\n    raise NotImplementedError\nNotImplementedError\n\n  Credit: 0.0\n\n-----------\nPart B Test Case 6\n  Failed: Traceback (most recent call last):\n  File \"/home/grader/icerover/workspace/testing_suite_ice_rover.py\", line 115, in execute_student_plan\n    state.generate_measurements())\n  File \"/home/grader/icerover/workspace/ice_rover.py\", line 213, in next_move\n    raise NotImplementedError\nNotImplementedError\n\n  Credit: 0.0\n\n-----------\nPart B Test Case 7\n  Failed: Traceback (most recent call last):\n  File \"/home/grader/icerover/workspace/testing_suite_ice_rover.py\", line 115, in execute_student_plan\n    state.generate_measurements())\n  File \"/home/grader/icerover/workspace/ice_rover.py\", line 213, in next_move\n    raise NotImplementedError\nNotImplementedError\n\n  Credit: 0.0\n\n-----------\nPart B Test Case 8\n  Failed: Traceback (most recent call last):\n  File \"/home/grader/icerover/workspace/testing_suite_ice_rover.py\", line 115, in execute_student_plan\n    state.generate_measurements())\n  File \"/home/grader/icerover/workspace/ice_rover.py\", line 213, in next_move\n    raise NotImplementedError\nNotImplementedError\n\n  Credit: 0.0\n\n-----------\nPart B Test Case 9\n  Failed: Traceback (most recent call last):\n  File \"/home/grader/icerover/workspace/testing_suite_ice_rover.py\", line 115, in execute_student_plan\n    state.generate_measurements())\n  File \"/home/grader/icerover/workspace/ice_rover.py\", line 213, in next_move\n    raise NotImplementedError\nNotImplementedError\n\n  Credit: 0.0\npart A score: 66.67\npart B score: 0.00\nscore: 22.00\n"
}